<?xml version="1.0" encoding="utf-8"?><testsuites name="pytest tests"><testsuite name="pytest" errors="0" failures="0" skipped="0" tests="32" time="4.658" timestamp="2026-08-29T12:08:05.028670+07:00" hostname="HTM"><testcase classname="tests_public.test_anomaly" name="test_large_volume_drop_is_anomaly" time="0.001" /><testcase classname="tests_public.test_anomaly" name="test_stable_value_is_not_anomaly" time="0.002" /><testcase classname="tests_public.test_contracts" name="test_healthy_contract_passes_starter_checks" time="0.009" /><testcase classname="tests_public.test_contracts" name="test_duplicate_order_id_is_detected" time="0.007" /><testcase classname="tests_public.test_contracts" name="test_invalid_currency_is_detected" time="0.013" /><testcase classname="tests_public.test_distribution" name="test_extreme_mean_shift_detected" time="0.003" /><testcase classname="tests_public.test_lineage" name="test_transitive_downstream_assets" time="0.002" /><testcase classname="tests_public.test_rag_metrics" name="test_rag_length_collapse_is_detected" time="0.002" /><testcase classname="tests_public.test_slo" name="test_burn_rate_math" time="0.002" /><testcase classname="tests_public.test_slo" name="test_zero_events_is_safe" time="0.001" /><testcase classname="tests_acceptance.test_gx_flow" name="test_gx_warning_continues_without_quarantining_rows" time="0.555" /><testcase classname="tests_acceptance.test_gx_flow" name="test_gx_critical_failure_blocks_and_quarantines_exact_bad_rows" time="0.476" /><testcase classname="tests_acceptance.test_hidden_proxy" name="test_contract_healthy_emits_type_and_freshness_checks_and_is_json_serializable" time="0.049" /><testcase classname="tests_acceptance.test_hidden_proxy" name="test_contract_missing_critical_column_preserves_severity_and_declared_action" time="0.024" /><testcase classname="tests_acceptance.test_hidden_proxy" name="test_contract_rejects_numeric_strings_as_type_drift" time="0.050" /><testcase classname="tests_acceptance.test_hidden_proxy" name="test_contract_uses_fixed_reference_time_for_stale_freshness_warning" time="0.049" /><testcase classname="tests_acceptance.test_hidden_proxy" name="test_contract_reports_multiple_rules_without_losing_per_rule_policy" time="0.025" /><testcase classname="tests_acceptance.test_hidden_proxy" name="test_anomaly_auto_uses_same_segment_history_to_avoid_seasonal_false_positive" time="0.004" /><testcase classname="tests_acceptance.test_hidden_proxy" name="test_anomaly_auto_detects_change_when_robust_scale_is_zero" time="0.003" /><testcase classname="tests_acceptance.test_hidden_proxy" name="test_anomaly_auto_is_not_masked_by_one_extreme_history_outlier" time="0.002" /><testcase classname="tests_acceptance.test_hidden_proxy" name="test_distribution_detects_large_shape_shift_even_when_means_match" time="0.003" /><testcase classname="tests_acceptance.test_hidden_proxy" name="test_distribution_does_not_flag_the_same_distribution_in_different_order" time="0.004" /><testcase classname="tests_acceptance.test_hidden_proxy" name="test_slo_exact_budget_boundary_is_not_a_breach" time="0.001" /><testcase classname="tests_acceptance.test_hidden_proxy" name="test_slo_rejects_invalid_targets_and_event_counts" time="0.001" /><testcase classname="tests_acceptance.test_hidden_proxy" name="test_multiwindow_short_spike_without_long_burn_does_not_page" time="0.001" /><testcase classname="tests_acceptance.test_hidden_proxy" name="test_multiwindow_sustained_fast_burn_pages_with_actionable_severity" time="0.001" /><testcase classname="tests_acceptance.test_hidden_proxy" name="test_downstream_assets_returns_bfs_order_and_deduplicates_a_diamond" time="0.001" /><testcase classname="tests_acceptance.test_hidden_proxy" name="test_downstream_assets_handles_cycles_without_returning_start" time="0.001" /><testcase classname="tests_acceptance.test_hidden_proxy" name="test_column_downstream_is_transitive_deduplicated_and_cycle_safe" time="0.001" /><testcase classname="tests_acceptance.test_hidden_proxy" name="test_rag_length_metric_distinguishes_stable_batch_from_length_collapse" time="0.002" /><testcase classname="tests_acceptance.test_hidden_proxy" name="test_rag_embedding_metric_does_not_flag_stable_norms" time="0.003" /><testcase classname="tests_acceptance.test_hidden_proxy" name="test_rag_embedding_metric_detects_large_norm_shift" time="0.003" /></testsuite></testsuites>